
2025-05-11 04:05:51 - Current Artist MP3 not found: 'Rav Chanan Coblentz', Source FILENAME: 'G:\Shiurim\R Chanan Coblentz Shlita\Rabbi Coblentz Hesped M.mp3'
2025-05-12 11:58:20 - Current Artist MP3 not found: 'Rav Efraim Glassman', Source FILENAME: 'G:\Shiurim\Random Rabanim Temperary Folder\E Y\נובהרדוק\USB Bucher R Belsky Transfer\06. Yom Tov & Zmanay Hashana\11. Pesach\05. pesach sheini-(corona) 5780 M.mp3'
2025-05-15 12:06:41 - Current Artist MP3 not found: 'Rav Sipper', Source FILENAME: 'G:\Shiurim\R Sipper\Torah Anywhere - Rabbi Y Sipper\39 יהושע פרק י_ז - about חצי שבט מנשה בעבר הירדן.mp3'
2025-05-16 14:58:52 - Current Artist MP3 not found: 'Rav Shalom Hertzberg', Source FILENAME: 'G:\Shiurim\R Shalom Hertzberg-Daily chizuk in halacha\Recording (116)Rav Shalom Hertzberg Lag Baomer 5785 M.mp3'
2025-05-25 02:18:24 - Current Artist MP3 not found: 'Rav Sipper', Source FILENAME: 'G:\Shiurim\R Sipper\20220627 Rabbi Y Sipper - Shoftim Perek Daled (I).mp3'
2025-05-25 02:58:45 - Current Artist MP3 not found: 'Rav Avraham Asher Makovsky', Source FILENAME: 'G:\Shiurim\Random Rabanim Temperary Folder\SFIRAS HAOMER SHAVUOUS\rabbi_avrohom asher_makovsky_can-i-still-make-a-bracha-when-i-count-sefira-if-i-told-someone-what-night-it-is-giving-respect-to-friends-a-matter-of-life-and-death_25_04_2018.mp3'
2025-05-25 18:19:43 - Current Artist MP3 not found: 'Rav ozer yona kushner M', Source FILENAME: 'G:\Shiurim\Random Rabanim Temperary Folder\Dovid kushner\reb oj kushner M.mp3'
2025-05-26 16:21:51 - Current Artist MP3 not found: 'Rav Yitzchok Hisiger Kashrus', Source FILENAME: 'G:\Shiurim\R Yitzchok Hisiger Kashrus plus\Episode 44C - Starbucks_ There's A Latte Options M.mp3'
2025-05-29 05:04:11 - Current Artist MP3 not found: 'Rav Ahron Lopiansky', Source FILENAME: 'G:\Shiurim\Random Rabanim Temperary Folder\SFIRAS HAOMER SHAVUOUS\shavuos-5779-panim-bpanim-the-connection-through-torah-yeshiva M.mp3'
2025-05-30 10:41:33 - Current Artist MP3 not found: 'Rav Yissocher Frand', Source FILENAME: 'G:\Shiurim\R Yissocher Frand\Mishnayos\Berachos\ברכות פרק ט, Masechet Berachos, Sefer משניות, Chapter 9 H.mp3'
2025-05-30 11:51:56 - Current Artist MP3 not found: 'R Shushan', Source FILENAME: 'G:\Music\Approved 10 teives from C documents\Approved 10 teives 5783 NIGGUNIM 6\R shushan\Kadsheinu bimitsvosecha.mp3'
2025-05-30 13:24:31 - Current Artist MP3 not found: 'Recording (122) Nitilas yadayim 1 M', Source FILENAME: 'G:\Shiurim\R Shalom Hertzberg-Daily chizuk in halacha\Recording (122) Nitilas yadayim 1 M.mp3'
2025-05-30 13:38:43 - Current Artist MP3 not found: 'Recording (123) Nitilas yadayim 2 M', Source FILENAME: 'G:\Shiurim\R Shalom Hertzberg-Daily chizuk in halacha\Recording (123)  Nitilas yadayim 2 M.mp3'
2025-05-30 13:42:33 - Current Artist MP3 not found: 'Rav Shalom Hertzberg', Source FILENAME: 'G:\Shiurim\R Shalom Hertzberg-Daily chizuk in halacha\Recording (123)  Nitilas yadayim 2 M.mp3'
2025-06-04 10:32:45 - Current Artist MP3 not found: 'Rav Michel Twerski', Source FILENAME: 'G:\Music\From Toshiba K\all Music h d\Music Alter\R. Michel Twerski\Philharmonic.Experience\07 - Pnu Eilai.mp3'
2025-06-05 09:20:35 - Current Artist MP3 not found: 'R' Baruch Chait & Acheinu', Source FILENAME: 'G:\Music\all 10 Teves music\Omdos Hayu M1.mp3'
2025-06-05 10:40:32 - Current Artist MP3 not found: 'R. Michel Twerski', Source FILENAME: 'G:\Music\From Toshiba K\all Music h d\Music Alter\R. Michel Twerski\Nigunei Shabbos\03 - Romimu M.mp3'
2025-06-06 00:54:41 - Current Artist MP3 not found: 'rabbi', Source FILENAME: 'G:\Shiurim\Random Rabanim Temperary Folder\SFIRAS HAOMER SHAVUOUS\rabbi_asher_druk Parshas yisro.mp3'
2025-06-06 06:40:55 - Current Artist MP3 not found: 'Rav Chanan Coblentz', Source FILENAME: 'G:\Shiurim\R Chanan Coblentz Shlita\Rabbi Coblentz Corona - paving the way for Moshiach M1.mp3'
2025-06-06 09:13:14 - Current Artist MP3 not found: 'R' Elimelech Biderman', Source FILENAME: 'G:\Shiurim\R Elimelech Biderman\R' Elimelech Biderman  -  פרשת נשא - 06-05-25.mp3'
2025-06-06 09:22:47 - Current Artist MP3 not found: 'R' Elimelech Biderman פרשת נשא Naso 5785 M', Source FILENAME: 'G:\Shiurim\R Elimelech Biderman\R' Elimelech Biderman פרשת נשא Naso 5785 M.mp3'
2025-06-06 10:47:51 - Current Artist MP3 not found: 'Rav Yissocher Frand', Source FILENAME: 'G:\Shiurim\R Yissocher Frand\Mishnayos\Berachos\ברכות פרק ב, Masechet Berachos, Sefer משניות, Chapter 2 - Harav Yissochor Frand - 24 Iyar, 5778159545.mp3'
2025-06-06 17:17:24 - Current Artist MP3 not found: 'Rav Shalom Hertzberg', Source FILENAME: 'G:\Shiurim\R Shalom Hertzberg-Daily chizuk in halacha\Recording (24) Korbanos saying pasuk vishachat oso M.mp3'
2025-06-07 22:14:52 - Current Artist MP3 not found: 'R' Elimelech Biderman פרשת נשא Naso 5785 M', Source FILENAME: 'G:\Shiurim\R Elimelech Biderman\R' Elimelech Biderman פרשת נשא Naso 5785 M.mp3'
2025-06-08 16:28:49 - Current Artist MP3 not found: 'R Yitzchok Hisiger', Source FILENAME: 'G:\Shiurim\R Yitzchok Hisiger Kashrus plus\Episode 46 - Liquid Gold M.mp3'
2025-06-08 17:52:17 - Current Artist MP3 not found: 'rabbi mordechai finkelman shabbat', Source FILENAME: 'G:\Shiurim\Random Rabanim Temperary Folder\SFIRAS HAOMER SHAVUOUS\rabbi_mordechai_finkelman_shabbat-ushers-in-shavuot H.mp3'
2025-06-09 11:20:57 - Current Artist MP3 not found: 'R Shushan', Source FILENAME: 'G:\Music\Approved 10 teives from C documents\Approved 10 teives 5783 NIGGUNIM 6\R shushan\Ein hamelech nosha brov chayil.mp3'
2025-06-09 12:17:04 - Current Artist MP3 not found: 'R aharon walkin birkat', Source FILENAME: 'G:\Shiurim\R Aron Walkin ZTL\R aharon walkin birkat-kohanim-two-hands-birkat-habonim M.mp3'
2025-06-09 23:14:49 - Current Artist MP3 not found: 'Rav shabsi yudelevits', Source FILENAME: 'G:\Shiurim\Random Rabanim Temperary Folder\Dovid kushner\reb shabsai yudeluvitz M.mp3'
2025-06-10 11:11:59 - Current Artist MP3 not found: 'Rav shoshan', Source FILENAME: 'G:\Shiurim\From D\R Shushan Shlita Music Only Given for Radio not to trade\R Shushan Shlita Disk (8)\Ashreinu uma tov chelkeinu.mp3'
2025-06-10 16:07:19 - Current Artist MP3 not found: 'R' Baruch Chait & Acheinu', Source FILENAME: 'G:\Music\all 10 Teves music\Omdos Hayu M1.mp3'
2025-06-11 03:30:02 - Current Artist MP3 not found: 'rabbi yosef greenwald chagigah', Source FILENAME: 'G:\Shiurim\Random Rabanim Temperary Folder\PESACH READY\rabbi_yosef_greenwald_chagigah-9-korban-re-iyah-tashlumin M.mp3'
2025-06-11 03:58:11 - Current Artist MP3 not found: 'Rav Sipper', Source FILENAME: 'G:\Shiurim\R Sipper\Navi\05  יהושע פ_ג - the leading role of the ארון whilst crossing the ירדן.mp3'
2025-06-11 05:10:35 - Current Artist MP3 not found: 'Rabbis Sons', Source FILENAME: 'G:\Music\all 10 Teves music\Rabbis sons\Rabbis Sons-Greatest Hits-10-Ki Nicham ID2844.mp3'
2025-06-11 05:19:45 - Current Artist MP3 not found: 'Rav Naftali Beer', Source FILENAME: 'G:\Shiurim\Dopplet 3 weeks\Kol Halashon\Beer,  Harav Naftali\Yona, יונה, 1 Elul, 5771 M.mp3'
2025-06-11 11:21:17 - Current Artist MP3 not found: 'R shoshan', Source FILENAME: 'G:\Music\Approved 10 teives from C documents\Approved 10 teives 5783 NIGGUNIM 6\R shushan\Uzchor es boracha bimei bachurosecha.mp3'
2025-06-11 12:35:43 - Current Artist MP3 not found: 'Rav Sipper', Source FILENAME: 'G:\Shiurim\R Sipper\Navi\05  יהושע פ_ג - the leading role of the ארון whilst crossing the ירדן.mp3'
2025-06-11 18:52:18 - Current Artist MP3 not found: 'rabbi yaakov hillel the', Source FILENAME: 'G:\Music\From Toshiba K\To be transfered to another hard drive\Backup Shevat 5783\Data\R yakov hillel\Rabbi Yaakov Hillel Shlita\rabbi_yaakov_hillel_the-significance-of-living-in-the-kings-palace HM.mp3'
2025-06-12 02:06:52 - Current Artist MP3 not found: 'Rabbis Sons', Source FILENAME: 'G:\Music\all 10 Teves music\Rabbis sons\Rabbis Sons-Greatest Hits-10-Ki Nicham ID2844.mp3'
2025-06-12 02:10:21 - Current Artist MP3 not found: 'Rav Sipper', Source FILENAME: 'G:\Shiurim\R Sipper\Navi\05  יהושע פ_ג - the leading role of the ארון whilst crossing the ירדן.mp3'
2025-06-12 06:44:50 - Current Artist MP3 not found: 'Rav Naftali Beer', Source FILENAME: 'G:\Shiurim\Dopplet 3 weeks\Kol Halashon\Beer,  Harav Naftali\Ovadia, עובדיה, 22 Tamuz, 5771 M.mp3'
2025-06-12 12:15:48 - Current Artist MP3 not found: 'R Shushan', Source FILENAME: 'G:\Music\Approved 10 teives from C documents\Approved 10 teives 5783 NIGGUNIM 6\R shushan\Ein hamelech nosha brov chayil.mp3'
2025-06-12 13:45:13 - Current Artist MP3 not found: 'R. Michel Twerski', Source FILENAME: 'G:\Music\From Toshiba K\all Music h d\Music Alter\R. Michel Twerski\A Voice on High\I Modeh Ani - RMT.mp3'
2025-06-13 04:49:56 - Current Artist MP3 not found: 'Rav Binyomin Pruzansky', Source FILENAME: 'G:\Shiurim\R Binyomin Pruzansky\rabbi_binyomin_pruzansky_capturing-the-moment H.mp3'
2025-06-13 05:20:21 - Current Artist MP3 not found: 'Rabbis Sons', Source FILENAME: 'G:\Music\all 10 Teves music\Rabbis sons\Rabbis Sons-Greatest Hits-06-Hoiso Li ID2840.mp3'
2025-06-13 09:18:29 - Current Artist MP3 not found: 'R' Elimelech Biderman פרשת בהעלותך 5785 M', Source FILENAME: 'G:\Shiurim\R Elimelech Biderman\R' Elimelech Biderman  פרשת בהעלותך  5785 M.mp3'
2025-06-14 22:14:16 - Current Artist MP3 not found: 'R' Elimelech Biderman פרשת בהעלותך 5785 M', Source FILENAME: 'G:\Shiurim\R Elimelech Biderman\R' Elimelech Biderman  פרשת בהעלותך  5785 M.mp3'
2025-06-15 10:12:46 - Current Artist MP3 not found: 'Rav shoshan', Source FILENAME: 'G:\Shiurim\From D\R Shushan Shlita Music Only Given for Radio not to trade\R Shushan Shlita Disk (8)\Ashreinu uma tov chelkeinu.mp3'
2025-06-15 10:58:42 - Current Artist MP3 not found: 'R shoshan', Source FILENAME: 'G:\Music\Approved 10 teives from C documents\Approved 10 teives 5783 NIGGUNIM 6\R shushan\Uzchor es boracha bimei bachurosecha.mp3'
2025-06-15 22:36:27 - Current Artist MP3 not found: 'R' Baruch Chait & Acheinu', Source FILENAME: 'G:\Music\all 10 Teves music\Omdos Hayu M1.mp3'
2025-06-16 02:11:48 - Current Artist MP3 not found: 'Rav Sipper', Source FILENAME: 'G:\Shiurim\R Sipper\Torah Anywhere - Rabbi Y Sipper\116 מגילת רות - the unique מעלה of רות and M נושא בעול עם חבירו.mp3'
2025-06-16 13:40:41 - Current Artist MP3 not found: 'Rav Sipper', Source FILENAME: 'G:\Shiurim\R Sipper\Torah Anywhere - Rabbi Y Sipper\114 מגילת רות - the epic battle between דוד and גלית – the power of מסירות נפש.mp3'
2025-06-17 04:09:04 - Current Artist MP3 not found: 'Rav Moshe Gruenstein', Source FILENAME: 'G:\Shiurim\R Moshe Gruenstein\rabbi_moshe_gruenstein_when-all-else-fails-there-s-always-the-nuclear-option M.mp3'
2025-06-17 05:46:46 - Current Artist MP3 not found: 'Rav Naftali Beer', Source FILENAME: 'G:\Shiurim\Dopplet 3 weeks\Kol Halashon\Beer,  Harav Naftali\Yona, יונה, 1 Elul, 5771 M.mp3'
2025-06-18 03:13:17 - Current Artist MP3 not found: 'R gamliel rabinowitz sfira lag baomer 2 M', Source FILENAME: 'G:\Music\From Toshiba K\To be transfered to another hard drive\Backup Shevat 5783\Data\Approved 10 teives 5782 files\approved 10 teives 37 5782\R gamliel rabinowitz sfira lag baomer 2 M.mp3'
2025-06-18 03:36:04 - Current Artist MP3 not found: 'rabbi label lam lol', Source FILENAME: 'G:\Music\From Toshiba K\BH All Rabanim From TAT and From elsewere\R Label Lam Shlita\rabbi_label_lam_lol-lam-on-life-million-dollar-customer_29_07_2020.mp3'
2025-06-18 05:08:56 - Current Artist MP3 not found: 'R simcha bunim cohen', Source FILENAME: 'G:\Shiurim\From D\Unknown Rabbanim\Unknown Album (3-13-2018 10-26-24 PM)\01 R simcha bunim cohen thank you M.mp3'
2025-06-18 17:05:12 - Current Artist MP3 not found: 'R' Baruch Chait & Acheinu', Source FILENAME: 'G:\Music\all 10 Teves music\Omdos Hayu M1.mp3'
2025-06-20 06:10:09 - Current Artist MP3 not found: 'Rav Naftali Beer', Source FILENAME: 'G:\Shiurim\Dopplet 3 weeks\Kol Halashon\Beer,  Harav Naftali\Yona, יונה, 5 M.mp3'
2025-06-20 09:09:15 - Current Artist MP3 not found: 'R' Elimelech Biderman פרשת שלח 5785 Parshas Shlach M', Source FILENAME: 'G:\Shiurim\R Elimelech Biderman\R' Elimelech Biderman פרשת שלח 5785 Parshas Shlach M.mp3'
2025-06-20 09:09:16 - Current Artist MP3 not found: 'R' Elimelech Biderman פרשת שלח 5785 Parshas Shlach M', Source FILENAME: 'G:\Shiurim\R Elimelech Biderman\R' Elimelech Biderman פרשת שלח 5785 Parshas Shlach M.mp3'
2025-06-20 11:23:30 - Current Artist MP3 not found: 'Rav Yissocher Frand', Source FILENAME: 'G:\Shiurim\R Yissocher Frand\Mishnayos\Berachos\ברכות פרק ז, Masechet Berachos, Sefer משניות, Chapter 7 - Harav Yissochor Frand - 20 Sivan, 5778159550.mp3'
2025-06-20 11:23:31 - Current Artist MP3 not found: 'Rav Yissocher Frand', Source FILENAME: 'G:\Shiurim\R Yissocher Frand\Mishnayos\Berachos\ברכות פרק ז, Masechet Berachos, Sefer משניות, Chapter 7 - Harav Yissochor Frand - 20 Sivan, 5778159550.mp3'
2025-06-20 11:59:40 - Current Artist MP3 not found: 'Rav Yosef C. Jacobovitz', Source FILENAME: 'G:\Shiurim\BMG\R' Yosef Chananya Jacobovits\R' Yosef C. Jacobovits Hilchos Shabbos Winter 5783\R' Yosef C. Jacobovits Hilchos Shabbos Winter 5783 #2 M.mp3'
2025-06-20 11:59:40 - Current Artist MP3 not found: 'Rav Yosef C. Jacobovitz', Source FILENAME: 'G:\Shiurim\BMG\R' Yosef Chananya Jacobovits\R' Yosef C. Jacobovits Hilchos Shabbos Winter 5783\R' Yosef C. Jacobovits Hilchos Shabbos Winter 5783 #2 M.mp3'
2025-06-20 14:41:07 - Current Artist MP3 not found: 'R Yisroel Belsky', Source FILENAME: 'G:\Music\FROM NOSSON\Rav Yisroel Belsky\Shimru Shabsosai Composed by Rav Yisroel Belsky Z”TL M.mp3'
2025-06-20 14:47:54 - Current Artist MP3 not found: 'Rav Mordechai Lebhar', Source FILENAME: 'G:\Shiurim\R Mordechai Lebhar\R' Mordechai Lebhar - Write your chidushim and keep them M.mp3'
2025-06-21 22:14:40 - Current Artist MP3 not found: 'R' Elimelech Biderman פרשת שלח 5785 Parshas Shlach M', Source FILENAME: 'G:\Shiurim\R Elimelech Biderman\R' Elimelech Biderman פרשת שלח 5785 Parshas Shlach M.mp3'
2025-06-22 11:05:31 - Current Artist MP3 not found: 'Rav shoshan', Source FILENAME: 'G:\Shiurim\From D\R Shushan Shlita Music Only Given for Radio not to trade\R Shushan Shlita Disk (8)\Ashreinu uma tov chelkeinu.mp3'
2025-06-22 12:19:23 - Current Artist MP3 not found: 'R Ezra Zafrani Shlita', Source FILENAME: 'G:\Shiurim\R Ezra Zafrani Shlita\R Ezra Zafrani   קורח M.mp3'
2025-06-23 03:09:03 - Current Artist MP3 not found: 'Rav Sipper', Source FILENAME: 'G:\Shiurim\R Sipper\Torah Anywhere - Rabbi Y Sipper\39 יהושע פרק י_ז - about חצי שבט מנשה בעבר הירדן.mp3'
2025-06-23 12:28:15 - Current Artist MP3 not found: 'Rav Sipper', Source FILENAME: 'G:\Shiurim\R Sipper\Torah Anywhere - Rabbi Y Sipper\115 מגילת רות - the role of חסד in building מלכות בית דוד.mp3'
2025-06-23 21:19:54 - Current Artist MP3 not found: 'rabbi yaakov hillel what', Source FILENAME: 'G:\Shiurim\From D\R yakov hillel\Rabbi Yaakov Hillel Shlita\rabbi_yaakov_hillel_what-we-can-learn-from-the-meraglim H.mp3'
2025-06-24 04:19:01 - Current Artist MP3 not found: 'Rav Joey Haber', Source FILENAME: 'G:\Shiurim\R Joey Haber\R' Joey Haber - The Yetzer Hara Just Got An Upgrade M.mp3'
2025-06-24 06:51:12 - Current Artist MP3 not found: 'Rosh Kislev', Source FILENAME: 'G:\Music\Approved 10 teives from C documents\Approved 10 teives 5783 NIGGUNIM 6\New niggunim Teives 5783\chabad\01 - ניגון רח' כסליו.MP3'
2025-06-24 06:56:00 - Current Artist MP3 not found: 'Rabbis Sons', Source FILENAME: 'G:\Music\all 10 Teves music\Rabbis sons\Rabbis Sons-Greatest Hits-07-Lecha Hashem ID2841.mp3'
2025-06-24 11:00:15 - Current Artist MP3 not found: 'R Shushan', Source FILENAME: 'G:\Music\Approved 10 teives from C documents\Approved 10 teives 5783 NIGGUNIM 6\R shushan\Ein hamelech nosha brov chayil.mp3'
2025-06-24 12:56:00 - Current Artist MP3 not found: 'Rav Moshe Perhillehe', Source FILENAME: 'G:\Shiurim\R Perhille\01 R Perille\05. Mavir al midosav\Mavir al midosav_R Moshe Phorille 1-5 M1.mp3'
2025-06-24 15:42:23 - Current Artist MP3 not found: 'Rav Malkiel Kotler', Source FILENAME: 'G:\Shiurim\R Malkiel Kotler\rabbi_aryeh malkiel_kotler_kol-yisroel-areivim-zeh-lazeh-arvut-preventing-a-fellow-jew-from-doing-an-issur-dioraisa AM.mp3'
2025-06-24 19:47:11 - Current Artist MP3 not found: 'Rav Mordechai Lebhar', Source FILENAME: 'G:\Shiurim\R Mordechai Lebhar\R' Mordechai Lebhar - Write your chidushim and keep them M.mp3'
2025-06-25 03:14:37 - Current Artist MP3 not found: 'Rav Label Lamm', Source FILENAME: 'G:\Shiurim\R Label Lam Shlita\rabbi_label_lam_lol-lam-on-life-60-minutes-in-the-hour H.mp3'
2025-06-25 04:04:40 - Current Artist MP3 not found: 'Rav Binyomin Pruzansky', Source FILENAME: 'G:\Shiurim\R Binyomin Pruzansky\rabbi_binyomin_pruzansky_give-it-all-you-got M.mp3'
2025-06-25 04:12:24 - Current Artist MP3 not found: 'Rabbis Sons', Source FILENAME: 'G:\Music\all 10 Teves music\Rabbis sons\Rabbis Sons-Greatest Hits-09-Kavei ID2843.mp3'
2025-06-25 06:51:09 - Current Artist MP3 not found: 'Rav Mordechai Lebhar', Source FILENAME: 'G:\Shiurim\R Mordechai Lebhar\R' Mordechai Lebhar - The power of Tzedaka_ The story of Aharon Aflalo z”l and how his actions impacted generations to come M.mp3'
2025-06-25 13:36:33 - Current Artist MP3 not found: 'Rav Sipper', Source FILENAME: 'G:\Shiurim\R Sipper\Torah Anywhere - Rabbi Y Sipper\11 יהושע פ_ו - the walls of יריחו that were swallowed into the ground.mp3'
2025-06-26 00:14:30 - Current Artist MP3 not found: 'Rav Kaminetsky', Source FILENAME: 'G:\Shiurim\R Shmuel Kaminetsky\Clips תענית\תקע''א should a person fast for כפרה M.mp3'
2025-06-26 03:08:36 - Current Artist MP3 not found: 'R Ezra Zafrani Shlita', Source FILENAME: 'G:\Shiurim\R Ezra Zafrani Shlita\R Ezra Zafrani    קורח.mp3'
2025-06-26 05:53:14 - Current Artist MP3 not found: 'Rav Daniel Kalish', Source FILENAME: 'G:\Shiurim\R Daniel Kalish\rabbi_daniel_kalish_eradicating-stress-and-anger-from-the-home H.mp3'
2025-06-26 11:08:11 - Current Artist MP3 not found: 'R shoshan', Source FILENAME: 'G:\Music\Approved 10 teives from C documents\Approved 10 teives 5783 NIGGUNIM 6\R shushan\Uzchor es boracha bimei bachurosecha.mp3'
2025-06-26 12:42:18 - Current Artist MP3 not found: 'Rav Sipper', Source FILENAME: 'G:\Shiurim\R Sipper\Torah Anywhere - Rabbi Y Sipper\34 יהושע פרק י_א – more about the נפילים H.mp3'
2025-06-27 01:29:54 - Current Artist MP3 not found: 'Rosh Kislev', Source FILENAME: 'G:\Music\Approved 10 teives from C documents\Approved 10 teives 5783 NIGGUNIM 6\New niggunim Teives 5783\chabad\01 - ניגון רח' כסליו.MP3'
2025-06-27 02:08:20 - Current Artist MP3 not found: 'Rav Yanuka', Source FILENAME: 'G:\Shiurim\R Yanuka\הגאון הינוקא - שמירת הלשון וחומרת החושד בכשרים - Harav Shlomo Yehuda Beery - the Yanuka - 39082062 M.mp3'
2025-06-27 06:25:59 - Current Artist MP3 not found: 'Rav Naftali Beer', Source FILENAME: 'G:\Shiurim\Dopplet 3 weeks\Kol Halashon\Beer,  Harav Naftali\Yona, יונה, 7 M.mp3'
2025-06-27 10:38:31 - Current Artist MP3 not found: 'Rav Yissocher Frand', Source FILENAME: 'G:\Shiurim\R Yissocher Frand\Mishnayos\Berachos\ברכות פרק ד, Masechet Berachos, Sefer משניות, Chapter 4 - Harav Yissochor Frand M.mp3'
2025-06-27 14:39:03 - Current Artist MP3 not found: 'R Yisroel Belsky', Source FILENAME: 'G:\Music\FROM NOSSON\Rav Yisroel Belsky\Shimru Shabsosai Composed by Rav Yisroel Belsky Z”TL M.mp3'
2025-06-27 16:03:52 - Current Artist MP3 not found: 'Rav Yosef C. Jacobovitz', Source FILENAME: 'G:\Shiurim\BMG\R' Yosef Chananya Jacobovits\R' Yosef C. Jacobovits Hilchos Shabbos Winter 5783\R' Yosef C. Jacobovits Hilchos Shabbos Winter 5783 #3 M1.mp3'
2025-06-29 10:19:54 - Current Artist MP3 not found: 'R shushan', Source FILENAME: 'G:\Music\Approved 10 teives from C documents\Approved 10 teives 5783 NIGGUNIM 6\R shushan\Vinireihu bishuvo el naveihu.mp3'
2025-06-29 12:11:15 - Current Artist MP3 not found: 'Rav Sipper', Source FILENAME: 'G:\Shiurim\R Sipper\20220214 Rabbi Y Sipper - Shoftim H.mp3'
2025-06-29 22:54:19 - Current Artist MP3 not found: 'R Yisroel Glustien', Source FILENAME: 'G:\Shiurim\Random Rabanim Temperary Folder\R Yisroel Glustien\New Rabbi G!(130)\רב גלושטיין\M המאמין בה' יכול לעמוד בכל נסיון - יש לו דעה עצמית - תשע''ג.mp3'
2025-06-30 01:28:46 - Current Artist MP3 not found: 'Rav Mordechai Lebhar', Source FILENAME: 'G:\Shiurim\R Mordechai Lebhar\R' Mordechai Lebhar - Netilat Yadayim With Wine, Coke and Other Liquids  M.mp3'
2025-07-01 01:59:39 - Current Artist MP3 not found: 'R shay tahan', Source FILENAME: 'G:\Music\Approved 10 teives from C documents\approved 10 teives 33 5782 shiurim\R shay tahan eating bread from certain people can give them control over you M.mp3'
2025-07-01 06:19:58 - Current Artist MP3 not found: 'Rabbis Sons', Source FILENAME: 'G:\Music\all 10 Teves music\Rabbis sons\Rabbis Sons-Greatest Hits-01-Halelu ID2835.mp3'
2025-07-01 06:23:04 - Current Artist MP3 not found: 'Rav Menache Chofets chaim', Source FILENAME: 'G:\Shiurim\Random Rabanim Temperary Folder\R Menache Chofets chaim New Av 5784\7 Power of Giving In H.MP3'
2025-07-02 03:04:31 - Current Artist MP3 not found: 'Rav shabsi yudelevits', Source FILENAME: 'G:\Shiurim\Random Rabanim Temperary Folder\Dovid kushner\reb shabsai yudeluvitz M.mp3'
2025-07-02 11:38:37 - Current Artist MP3 not found: 'R Shushan', Source FILENAME: 'G:\Music\Approved 10 teives from C documents\Approved 10 teives 5783 NIGGUNIM 6\R shushan\Ein hamelech nosha brov chayil.mp3'
2025-07-03 15:01:10 - Current Artist MP3 not found: 'R Shlomo Lubin', Source FILENAME: 'G:\Shiurim\R Shlomo Lubin\Hilchos Tefillin - R' Lubin.WMA'
2025-07-03 16:58:55 - Current Artist MP3 not found: 'Rav Mordechai Lebhar', Source FILENAME: 'G:\Shiurim\R Mordechai Lebhar\R' Mordechai Lebhar - Write your chidushim and keep them M.mp3'
2025-07-04 12:35:11 - Current Artist MP3 not found: 'R Yisroel Belsky', Source FILENAME: 'G:\Music\FROM NOSSON\Rav Yisroel Belsky\Shimru Shabsosai Composed by Rav Yisroel Belsky Z”TL M.mp3'
2025-07-04 18:18:22 - Current Artist MP3 not found: 'Rav Yosef C. Jacobovitz', Source FILENAME: 'G:\Shiurim\BMG\R' Yosef Chananya Jacobovits\R' Yosef C. Jacobovits Hilchos Shabbos Winter 5783\R' Yosef C. Jacobovits Hilchos Shabbos Winter 5783 #4 M1.mp3'
2025-07-06 10:04:42 - Current Artist MP3 not found: 'R shushan', Source FILENAME: 'G:\Music\Approved 10 teives from C documents\Approved 10 teives 5783 NIGGUNIM 6\R shushan\Vinireihu bishuvo el naveihu.mp3'
2025-07-06 16:34:29 - Current Artist MP3 not found: 'Rav Michel Twerski', Source FILENAME: 'G:\Music\From Toshiba K\all Music h d\Music Alter\R. Michel Twerski\Philharmonic.Experience\07 - Pnu Eilai.mp3'
2025-07-06 18:15:29 - Current Artist MP3 not found: 'Rav Sipper', Source FILENAME: 'G:\Shiurim\R Sipper\20220221 Rabbi Y Sipper - Shoftim shevet Yehuda and Shimon H.mp3'
2025-07-07 17:04:14 - Current Artist MP3 not found: 'R ezra zafrani', Source FILENAME: 'G:\Shiurim\R Ezra Zafrani Shlita\29-Parashat Balak.wav'
2025-07-09 11:10:02 - Current Artist MP3 not found: 'Rav Eliyahu Mordechai H'Kohen Richter', Source FILENAME: 'G:\Shiurim\R Eliyahu Mordechai H'Kohen Richter Shlita\New Sivan 5785\R Eliyahu Mordechai H'Kohen Richter Shlita Halacha Mishnayos Kisubos Perek 7 (237).MP3'
2025-07-10 01:37:18 - Current Artist MP3 not found: 'Raya mihemna', Source FILENAME: 'G:\Music\Approved 10 teives from C documents\Approved 10 teives 5783 NIGGUNIM 6\New niggunim Teives 5783\Kol bo\06-אל אדון.mp3'
2025-07-10 12:47:48 - Current Artist MP3 not found: 'R aharon walkin ztl hilchot geniza', Source FILENAME: 'G:\Shiurim\R Aron Walkin ZTL\R aharon walkin ztl hilchot geniza.mp3'
2025-07-10 23:26:03 - Current Artist MP3 not found: 'Rav yerucham olshin', Source FILENAME: 'G:\Shiurim\BMG\R' Yeruchem Vaadim\R' Yeruchem Rambam Hilchos Talmid torah - winter 5777\rambam hilchos talmud torah.MP3'
2025-07-11 09:18:23 - Current Artist MP3 not found: 'Rav Elimelech Biderman1', Source FILENAME: 'G:\Shiurim\R Elimelech Biderman\R' Elimelech Biderman פרשת בלק  5784 M.mp3'
2025-07-11 12:25:38 - Current Artist MP3 not found: 'R Yisroel Belsky', Source FILENAME: 'G:\Music\FROM NOSSON\Rav Yisroel Belsky\Shimru Shabsosai Composed by Rav Yisroel Belsky Z”TL M.mp3'
2025-07-11 12:32:27 - Current Artist MP3 not found: 'Rav Yosef C. Jacobovitz', Source FILENAME: 'G:\Shiurim\BMG\R' Yosef Chananya Jacobovits\R' Yosef C. Jacobovits Hilchos Shabbos Winter 5783\R' Yosef C. Jacobovits Hilchos Shabbos Winter 5783 #5 M1.mp3'
2025-07-11 13:50:13 - Current Artist MP3 not found: 'R aharon walkin shkalim kisufim for shabbas M', Source FILENAME: 'G:\Shiurim\R Aron Walkin ZTL\R aharon walkin shkalim kisufim for shabbas M.mp3'
2025-07-12 22:14:41 - Current Artist MP3 not found: 'Rav Elimelech Biderman1', Source FILENAME: 'G:\Shiurim\R Elimelech Biderman\R' Elimelech Biderman פרשת בלק  5784 M.mp3'
2025-07-12 23:24:39 - Current Artist MP3 not found: 'Rav Elimelech Biderman1', Source FILENAME: 'G:\Shiurim\R Elimelech Biderman\R' Elimelech Biderman פרשת בלק  5784 M.mp3'
2025-07-12 23:26:05 - Current Artist MP3 not found: 'Rav Elimelech Biderman1', Source FILENAME: 'G:\Shiurim\R Elimelech Biderman\R' Elimelech Biderman פרשת בלק  5784 M.mp3'
